<?xml version="1.0" encoding="UTF-8"?>
<!-- Generated by org.testng.reporters.JUnitXMLReporter -->
<testsuite hostname="DESKTOP-4VJEUVF" ignored="0" name="Default test" tests="3" failures="0" timestamp="2022-11-05T10:09:28 IST" time="18.194" errors="0">
  <testcase name="LoginTest" time="0.023" classname="fluxgen.NewTest"/>
  <testcase name="HomeTest" time="0.021" classname="fluxgen.NewTest"/>
  <testcase name="LogoutTest" time="0.02" classname="fluxgen.NewTest"/>
</testsuite> <!-- Default test -->
