<?xml version="1.0" encoding="UTF-8"?>
<!-- Generated by org.testng.reporters.JUnitXMLReporter -->
<testsuite hostname="DESKTOP-4VJEUVF" ignored="0" name="Test1" tests="3" failures="1" timestamp="2022-10-23T12:54:33 IST" time="62.684" errors="0">
  <testcase name="@BeforeMethod beforeMethod" time="3.08" classname="pac2.Automation55Test">
    <failure type="java.lang.OutOfMemoryError">
      <![CDATA[java.lang.OutOfMemoryError
at java.util.zip.Inflater.inflateBytes(Native Method)
at java.util.zip.Inflater.inflate(Unknown Source)
at java.util.zip.InflaterInputStream.read(Unknown Source)
at java.util.zip.GZIPInputStream.read(Unknown Source)
at org.apache.hc.client5.http.entity.LazyDecompressingInputStream.read(LazyDecompressingInputStream.java:70)
at sun.nio.cs.StreamDecoder.readBytes(Unknown Source)
at sun.nio.cs.StreamDecoder.implRead(Unknown Source)
at sun.nio.cs.StreamDecoder.read(Unknown Source)
at java.io.InputStreamReader.read(Unknown Source)
at java.io.Reader.read(Unknown Source)
at org.apache.commons.io.IOUtils.copyLarge(IOUtils.java:1282)
at org.apache.commons.io.IOUtils.copyLarge(IOUtils.java:1261)
at org.apache.commons.io.IOUtils.copy(IOUtils.java:1108)
at org.apache.commons.io.IOUtils.copy(IOUtils.java:922)
at org.apache.commons.io.IOUtils.toString(IOUtils.java:2681)
at io.github.bonigarcia.wdm.versions.VersionDetector.getProperties(VersionDetector.java:232)
at io.github.bonigarcia.wdm.versions.VersionDetector.getDriverVersionFromProperties(VersionDetector.java:87)
at io.github.bonigarcia.wdm.WebDriverManager.resolveDriverVersion(WebDriverManager.java:628)
at io.github.bonigarcia.wdm.WebDriverManager.manage(WebDriverManager.java:565)
at io.github.bonigarcia.wdm.WebDriverManager.setup(WebDriverManager.java:287)
at pac2.Automation55Test.beforeMethod(Automation55Test.java:45)
at java.util.ArrayList.forEach(Unknown Source)
at java.util.concurrent.FutureTask.run(Unknown Source)
at java.util.concurrent.ThreadPoolExecutor.runWorker(Unknown Source)
at java.util.concurrent.ThreadPoolExecutor$Worker.run(Unknown Source)
at java.lang.Thread.run(Unknown Source)
... Removed 22 stack frames]]>
    </failure>
  </testcase> <!-- @BeforeMethod beforeMethod -->
  <testcase name="fTest" time="3.107" classname="pac2.Automation55Test">
    <failure type="java.lang.OutOfMemoryError">
      <![CDATA[java.lang.OutOfMemoryError
at java.lang.ClassLoader.defineClass1(Native Method)
at java.lang.ClassLoader.defineClass(Unknown Source)
at java.security.SecureClassLoader.defineClass(Unknown Source)
at java.net.URLClassLoader.defineClass(Unknown Source)
at java.net.URLClassLoader.access$100(Unknown Source)
at java.net.URLClassLoader$1.run(Unknown Source)
at java.net.URLClassLoader$1.run(Unknown Source)
at java.security.AccessController.doPrivileged(Native Method)
at java.net.URLClassLoader.findClass(Unknown Source)
at java.lang.ClassLoader.loadClass(Unknown Source)
at sun.misc.Launcher$AppClassLoader.loadClass(Unknown Source)
at java.lang.ClassLoader.loadClass(Unknown Source)
at java.util.ArrayList.forEach(Unknown Source)
at java.util.concurrent.FutureTask.run(Unknown Source)
at java.util.concurrent.ThreadPoolExecutor.runWorker(Unknown Source)
at java.util.concurrent.ThreadPoolExecutor$Worker.run(Unknown Source)
at java.lang.Thread.run(Unknown Source)
... Removed 20 stack frames]]>
    </failure>
  </testcase> <!-- fTest -->
  <testcase name="fTest" time="0.0" classname="pac2.Automation55Test">
    <skipped/>
  </testcase> <!-- fTest -->
  <testcase name="f1Test" time="0.0" classname="pac2.Automation55Test">
    <skipped/>
  </testcase> <!-- f1Test -->
</testsuite> <!-- Test1 -->
