<?xml version="1.0" encoding="UTF-8"?>
<testng-results skipped="0" failed="0" ignored="0" total="3" passed="3">
  <reporter-output>
  </reporter-output>
  <suite name="Default suite" duration-ms="18194" started-at="2022-11-05T10:09:10 IST" finished-at="2022-11-05T10:09:28 IST">
    <groups>
    </groups>
    <test name="Default test" duration-ms="18194" started-at="2022-11-05T10:09:10 IST" finished-at="2022-11-05T10:09:28 IST">
      <class name="fluxgen.NewTest">
        <test-method status="PASS" signature="beforeMethod()[pri:0, instance:fluxgen.NewTest@2353b3e6]" name="beforeMethod" is-config="true" duration-ms="5956" started-at="2022-11-05T10:09:10 IST" finished-at="2022-11-05T10:09:16 IST">
          <reporter-output>
          </reporter-output>
        </test-method> <!-- beforeMethod -->
        <test-method status="PASS" signature="LoginTest()[pri:1, instance:fluxgen.NewTest@2353b3e6]" name="LoginTest" duration-ms="23" started-at="2022-11-05T10:09:16 IST" finished-at="2022-11-05T10:09:16 IST">
          <reporter-output>
          </reporter-output>
        </test-method> <!-- LoginTest -->
        <test-method status="PASS" signature="afterMethod()[pri:0, instance:fluxgen.NewTest@2353b3e6]" name="afterMethod" is-config="true" duration-ms="879" started-at="2022-11-05T10:09:16 IST" finished-at="2022-11-05T10:09:17 IST">
          <reporter-output>
          </reporter-output>
        </test-method> <!-- afterMethod -->
        <test-method status="PASS" signature="beforeMethod()[pri:0, instance:fluxgen.NewTest@2353b3e6]" name="beforeMethod" is-config="true" duration-ms="4929" started-at="2022-11-05T10:09:17 IST" finished-at="2022-11-05T10:09:22 IST">
          <reporter-output>
          </reporter-output>
        </test-method> <!-- beforeMethod -->
        <test-method status="PASS" signature="HomeTest()[pri:2, instance:fluxgen.NewTest@2353b3e6]" name="HomeTest" duration-ms="21" started-at="2022-11-05T10:09:22 IST" finished-at="2022-11-05T10:09:22 IST">
          <reporter-output>
          </reporter-output>
        </test-method> <!-- HomeTest -->
        <test-method status="PASS" signature="afterMethod()[pri:0, instance:fluxgen.NewTest@2353b3e6]" name="afterMethod" is-config="true" duration-ms="855" started-at="2022-11-05T10:09:22 IST" finished-at="2022-11-05T10:09:22 IST">
          <reporter-output>
          </reporter-output>
        </test-method> <!-- afterMethod -->
        <test-method status="PASS" signature="beforeMethod()[pri:0, instance:fluxgen.NewTest@2353b3e6]" name="beforeMethod" is-config="true" duration-ms="4552" started-at="2022-11-05T10:09:22 IST" finished-at="2022-11-05T10:09:27 IST">
          <reporter-output>
          </reporter-output>
        </test-method> <!-- beforeMethod -->
        <test-method status="PASS" signature="LogoutTest()[pri:3, instance:fluxgen.NewTest@2353b3e6]" name="LogoutTest" duration-ms="20" started-at="2022-11-05T10:09:27 IST" finished-at="2022-11-05T10:09:27 IST">
          <reporter-output>
          </reporter-output>
        </test-method> <!-- LogoutTest -->
        <test-method status="PASS" signature="afterMethod()[pri:0, instance:fluxgen.NewTest@2353b3e6]" name="afterMethod" is-config="true" duration-ms="867" started-at="2022-11-05T10:09:27 IST" finished-at="2022-11-05T10:09:28 IST">
          <reporter-output>
          </reporter-output>
        </test-method> <!-- afterMethod -->
      </class> <!-- fluxgen.NewTest -->
    </test> <!-- Default test -->
  </suite> <!-- Default suite -->
</testng-results>
